GROUP,PACKAGE,CLASS,INSTRUCTION_MISSED,INSTRUCTION_COVERED,BRANCH_MISSED,BRANCH_COVERED,LINE_MISSED,LINE_COVERED,COMPLEXITY_MISSED,COMPLEXITY_COVERED,METHOD_MISSED,METHOD_COVERED
MyFirstMicroservice,com.tsi.lerai.foulkes.program.service,ActorServiceImplementation,55,3,8,0,10,1,8,1,4,1
MyFirstMicroservice,com.tsi.lerai.foulkes.program.movies,Movie,96,0,0,0,41,0,25,0,25,0
MyFirstMicroservice,com.tsi.lerai.foulkes.program.controller,CustomerController,0,6,0,0,0,1,0,1,0,1
MyFirstMicroservice,com.tsi.lerai.foulkes.program.controller,ActorController,84,24,14,0,19,5,11,3,4,3
MyFirstMicroservice,com.tsi.lerai.foulkes.program.controller,MovieController,5,6,0,0,1,1,1,1,1,1
MyFirstMicroservice,com.tsi.lerai.foulkes.program,MyFirstMicroserviceApplication,9,6,0,0,3,3,2,1,2,1
MyFirstMicroservice,com.tsi.lerai.foulkes.program,Actor,8,25,0,0,4,10,2,6,2,6
MyFirstMicroservice,com.tsi.lerai.foulkes.program.customer,Customer,75,0,0,0,32,0,19,0,19,0
