<?xml version="1.0" encoding="UTF-8"?>
<testsuite xmlns:xsi="http://www.w3.org/2001/XMLSchema-instance" xsi:noNamespaceSchemaLocation="https://maven.apache.org/surefire/maven-surefire-plugin/xsd/surefire-test-report.xsd" name="com.tsi.lerai.foulkes.program.MockitoTest" time="4.206" tests="4" errors="0" skipped="0" failures="0">
  <properties>
[...]
</properties>
  <testcase name="getAllActorEntries" classname="com.tsi.lerai.foulkes.program.MockitoTest" time="4.119"/>
  <testcase name="searchByNameActor" classname="com.tsi.lerai.foulkes.program.MockitoTest" time="0"/>
  <testcase name="addActorTest" classname="com.tsi.lerai.foulkes.program.MockitoTest" time="0"/>
  <testcase name="deleteActorEntry" classname="com.tsi.lerai.foulkes.program.MockitoTest" time="0"/>
</testsuite>